
ROM used:   101/8192 (1%)
            101/8192 (1%) including unused fragments

            0.1 Average locations per line
            3.7 Average locations per statement

RAM used:   8/368 (2%) at main() level
            8/368 (2%) worst case

Stack used: 1 worst case (1 in main + 0 for interrupts)
Stack size: 8

Lines Stmts  %   Files
----- ----- ---  -----
   57    27 100  main.c
   10     0   0  main.h
  671     0   0  ..\..\..\..\..\Program Files (x86)\PICC\Devices\16F877A.h
----- -----
  738    27 Total

Page ROM  %  RAM    Vol Diff  Functions:
---- --- --- ---    --- ----  ----------
0     20  20    1             @delay_ms1
0     77  76    1    610  4.3  main
 Inline         0             @cinit1

Program metrics:
    Functions               1
    Statements              27
    Comments                121
    Volume (V)              616
    Difficulty (D)          4.1
    Effort to implement (E) 2534
    Time to implement (T)   2 minutes
    Est Delivered Bugs (B)  0
    Cyclomatic Complexity   4
    Maintainability (MI)    35

 Segment     Used  Free
-----------  ----  ----
00000-00003     4  0  
00004-007FF    97  1947  
00800-00FFF     0  2048  
01000-017FF     0  2048  
01800-01FFF     0  2048  



